[Wed Nov 11 21:54:16.990088 2020] [ssl:warn] [pid 31932:tid 556] AH01909: www.example.com:443:0 server certificate does NOT include an ID which matches the server name
[Wed Nov 11 21:54:17.042099 2020] [ssl:warn] [pid 31932:tid 556] AH01909: www.example.com:443:0 server certificate does NOT include an ID which matches the server name
[Wed Nov 11 21:54:17.142121 2020] [mpm_winnt:notice] [pid 31932:tid 556] AH00455: Apache/2.4.46 (Win64) OpenSSL/1.1.1g PHP/7.4.11 configured -- resuming normal operations
[Wed Nov 11 21:54:17.142121 2020] [mpm_winnt:notice] [pid 31932:tid 556] AH00456: Apache Lounge VC15 Server built: Aug  4 2020 11:50:23
[Wed Nov 11 21:54:17.142121 2020] [core:notice] [pid 31932:tid 556] AH00094: Command line: 'C:\\xampp\\apache\\bin\\httpd.exe -d C:/xampp/apache'
[Wed Nov 11 21:54:17.147122 2020] [mpm_winnt:notice] [pid 31932:tid 556] AH00418: Parent: Created child process 30932
[Wed Nov 11 21:54:17.601225 2020] [ssl:warn] [pid 30932:tid 472] AH01909: www.example.com:443:0 server certificate does NOT include an ID which matches the server name
[Wed Nov 11 21:54:17.646235 2020] [ssl:warn] [pid 30932:tid 472] AH01909: www.example.com:443:0 server certificate does NOT include an ID which matches the server name
[Wed Nov 11 21:54:17.673242 2020] [mpm_winnt:notice] [pid 30932:tid 472] AH00354: Child: Starting 150 worker threads.
[Wed Nov 11 21:57:22.211782 2020] [ssl:warn] [pid 4608:tid 588] AH01909: www.example.com:443:0 server certificate does NOT include an ID which matches the server name
[Wed Nov 11 21:57:22.263793 2020] [ssl:warn] [pid 4608:tid 588] AH01909: www.example.com:443:0 server certificate does NOT include an ID which matches the server name
[Wed Nov 11 21:57:22.288800 2020] [mpm_winnt:notice] [pid 4608:tid 588] AH00455: Apache/2.4.46 (Win64) OpenSSL/1.1.1g PHP/7.4.11 configured -- resuming normal operations
[Wed Nov 11 21:57:22.288800 2020] [mpm_winnt:notice] [pid 4608:tid 588] AH00456: Apache Lounge VC15 Server built: Aug  4 2020 11:50:23
[Wed Nov 11 21:57:22.288800 2020] [core:notice] [pid 4608:tid 588] AH00094: Command line: 'c:\\xampp\\apache\\bin\\httpd.exe -d C:/xampp/apache'
[Wed Nov 11 21:57:22.293800 2020] [mpm_winnt:notice] [pid 4608:tid 588] AH00418: Parent: Created child process 1816
[Wed Nov 11 21:57:22.726898 2020] [ssl:warn] [pid 1816:tid 604] AH01909: www.example.com:443:0 server certificate does NOT include an ID which matches the server name
[Wed Nov 11 21:57:22.770908 2020] [ssl:warn] [pid 1816:tid 604] AH01909: www.example.com:443:0 server certificate does NOT include an ID which matches the server name
[Wed Nov 11 21:57:22.794913 2020] [mpm_winnt:notice] [pid 1816:tid 604] AH00354: Child: Starting 150 worker threads.
[Thu Nov 12 00:27:32.373269 2020] [php7:error] [pid 1816:tid 1832] [client ::1:53066] PHP Parse error:  syntax error, unexpected '$db' (T_VARIABLE) in C:\\xampp\\htdocs\\GroceryDelivery\\server.php on line 7
[Thu Nov 12 00:27:46.899082 2020] [php7:error] [pid 1816:tid 1816] [client ::1:53067] PHP Parse error:  syntax error, unexpected '$db' (T_VARIABLE) in C:\\xampp\\htdocs\\GroceryDelivery\\server.php on line 7
[Thu Nov 12 00:27:49.406647 2020] [php7:error] [pid 1816:tid 1816] [client ::1:53067] PHP Parse error:  syntax error, unexpected '$db' (T_VARIABLE) in C:\\xampp\\htdocs\\GroceryDelivery\\server.php on line 7
[Thu Nov 12 00:27:50.164831 2020] [php7:error] [pid 1816:tid 1816] [client ::1:53067] PHP Parse error:  syntax error, unexpected '$db' (T_VARIABLE) in C:\\xampp\\htdocs\\GroceryDelivery\\server.php on line 7
[Thu Nov 12 00:28:57.443909 2020] [php7:error] [pid 1816:tid 1832] [client ::1:53077] PHP Parse error:  syntax error, unexpected '$db' (T_VARIABLE) in C:\\xampp\\htdocs\\GroceryDelivery\\server.php on line 7
[Thu Nov 12 00:28:58.185075 2020] [php7:error] [pid 1816:tid 1832] [client ::1:53077] PHP Parse error:  syntax error, unexpected '$db' (T_VARIABLE) in C:\\xampp\\htdocs\\GroceryDelivery\\server.php on line 7
[Thu Nov 12 00:29:17.100291 2020] [php7:error] [pid 1816:tid 1816] [client ::1:53078] PHP Parse error:  syntax error, unexpected '$db' (T_VARIABLE) in C:\\xampp\\htdocs\\GroceryDelivery\\server.php on line 6
[Thu Nov 12 00:29:26.673234 2020] [php7:warn] [pid 1816:tid 1832] [client ::1:53081] PHP Warning:  mysqli_connect(): (HY000/1045): Access denied for user 'New'@'localhost' (using password: NO) in C:\\xampp\\htdocs\\GroceryDelivery\\server.php on line 6
[Thu Nov 12 00:30:41.238477 2020] [php7:error] [pid 1816:tid 1816] [client ::1:53091] PHP Fatal error:  Uncaught Error: Call to undefined function mysql_real_escape_string() in C:\\xampp\\htdocs\\GroceryDelivery\\server.php:8\nStack trace:\n#0 C:\\xampp\\htdocs\\GroceryDelivery\\createItem.php(1): include()\n#1 {main}\n  thrown in C:\\xampp\\htdocs\\GroceryDelivery\\server.php on line 8, referer: http://localhost/GroceryDelivery/createItem.php
[Thu Nov 12 00:33:51.353813 2020] [php7:error] [pid 1816:tid 1832] [client ::1:53119] PHP Fatal error:  Uncaught Error: Call to undefined function mysql_real_escape_string() in C:\\xampp\\htdocs\\GroceryDelivery\\server.php:8\nStack trace:\n#0 C:\\xampp\\htdocs\\GroceryDelivery\\createItem.php(1): include()\n#1 {main}\n  thrown in C:\\xampp\\htdocs\\GroceryDelivery\\server.php on line 8, referer: http://localhost/GroceryDelivery/createItem.php
[Thu Nov 12 00:34:11.068310 2020] [php7:error] [pid 1816:tid 1832] [client ::1:53125] PHP Fatal error:  Uncaught Error: Call to undefined function mysql_real_escape_string() in C:\\xampp\\htdocs\\GroceryDelivery\\server.php:8\nStack trace:\n#0 C:\\xampp\\htdocs\\GroceryDelivery\\createItem.php(1): include()\n#1 {main}\n  thrown in C:\\xampp\\htdocs\\GroceryDelivery\\server.php on line 8, referer: http://localhost/GroceryDelivery/createItem.php
[Thu Nov 12 00:35:31.105858 2020] [php7:warn] [pid 1816:tid 1816] [client ::1:53202] PHP Warning:  mysqli_real_escape_string() expects exactly 2 parameters, 1 given in C:\\xampp\\htdocs\\GroceryDelivery\\server.php on line 8, referer: http://localhost/GroceryDelivery/createItem.php
[Thu Nov 12 00:35:31.105858 2020] [php7:warn] [pid 1816:tid 1816] [client ::1:53202] PHP Warning:  mysqli_real_escape_string() expects exactly 2 parameters, 1 given in C:\\xampp\\htdocs\\GroceryDelivery\\server.php on line 9, referer: http://localhost/GroceryDelivery/createItem.php
[Thu Nov 12 00:35:31.105858 2020] [php7:warn] [pid 1816:tid 1816] [client ::1:53202] PHP Warning:  mysqli_real_escape_string() expects exactly 2 parameters, 1 given in C:\\xampp\\htdocs\\GroceryDelivery\\server.php on line 10, referer: http://localhost/GroceryDelivery/createItem.php
[Thu Nov 12 01:09:49.632558 2020] [php7:error] [pid 1816:tid 1808] [client ::1:53638] script 'C:/xampp/htdocs/listItem.php' not found or unable to stat
[Thu Nov 12 01:10:15.431044 2020] [php7:notice] [pid 1816:tid 1824] [client ::1:53639] PHP Notice:  Undefined variable: mysqli in C:\\xampp\\htdocs\\GroceryDelivery\\listItem.php on line 17
[Thu Nov 12 01:10:15.431044 2020] [php7:error] [pid 1816:tid 1824] [client ::1:53639] PHP Fatal error:  Uncaught Error: Call to a member function query() on null in C:\\xampp\\htdocs\\GroceryDelivery\\listItem.php:17\nStack trace:\n#0 {main}\n  thrown in C:\\xampp\\htdocs\\GroceryDelivery\\listItem.php on line 17
[Thu Nov 12 01:11:50.220766 2020] [php7:notice] [pid 1816:tid 1808] [client ::1:53650] PHP Notice:  Undefined variable: mysqli in C:\\xampp\\htdocs\\GroceryDelivery\\listItem.php on line 18
[Thu Nov 12 01:11:50.220766 2020] [php7:error] [pid 1816:tid 1808] [client ::1:53650] PHP Fatal error:  Uncaught Error: Call to a member function query() on null in C:\\xampp\\htdocs\\GroceryDelivery\\listItem.php:18\nStack trace:\n#0 {main}\n  thrown in C:\\xampp\\htdocs\\GroceryDelivery\\listItem.php on line 18
[Thu Nov 12 20:00:58.854010 2020] [ssl:warn] [pid 32072:tid 568] AH01909: www.example.com:443:0 server certificate does NOT include an ID which matches the server name
[Thu Nov 12 20:00:58.896020 2020] [core:warn] [pid 32072:tid 568] AH00098: pid file C:/xampp/apache/logs/httpd.pid overwritten -- Unclean shutdown of previous Apache run?
[Thu Nov 12 20:00:58.902022 2020] [ssl:warn] [pid 32072:tid 568] AH01909: www.example.com:443:0 server certificate does NOT include an ID which matches the server name
[Thu Nov 12 20:00:59.145076 2020] [mpm_winnt:notice] [pid 32072:tid 568] AH00455: Apache/2.4.46 (Win64) OpenSSL/1.1.1g PHP/7.4.11 configured -- resuming normal operations
[Thu Nov 12 20:00:59.145076 2020] [mpm_winnt:notice] [pid 32072:tid 568] AH00456: Apache Lounge VC15 Server built: Aug  4 2020 11:50:23
[Thu Nov 12 20:00:59.145076 2020] [core:notice] [pid 32072:tid 568] AH00094: Command line: 'c:\\xampp\\apache\\bin\\httpd.exe -d C:/xampp/apache'
[Thu Nov 12 20:00:59.148077 2020] [mpm_winnt:notice] [pid 32072:tid 568] AH00418: Parent: Created child process 30112
[Thu Nov 12 20:00:59.445152 2020] [ssl:warn] [pid 30112:tid 472] AH01909: www.example.com:443:0 server certificate does NOT include an ID which matches the server name
[Thu Nov 12 20:00:59.488154 2020] [ssl:warn] [pid 30112:tid 472] AH01909: www.example.com:443:0 server certificate does NOT include an ID which matches the server name
[Thu Nov 12 20:00:59.514160 2020] [mpm_winnt:notice] [pid 30112:tid 472] AH00354: Child: Starting 150 worker threads.
[Thu Nov 12 21:41:28.995158 2020] [php7:error] [pid 30112:tid 1788] [client ::1:61227] PHP Parse error:  syntax error, unexpected '}', expecting ';' or ',' in C:\\xampp\\htdocs\\GroceryDelivery\\listItem.php on line 42
[Thu Nov 12 21:41:39.207652 2020] [php7:error] [pid 30112:tid 1784] [client ::1:61230] PHP Fatal error:  Uncaught Error: Call to undefined function mysql_query() in C:\\xampp\\htdocs\\GroceryDelivery\\listItem.php:21\nStack trace:\n#0 {main}\n  thrown in C:\\xampp\\htdocs\\GroceryDelivery\\listItem.php on line 21
[Thu Nov 12 21:42:31.685411 2020] [php7:error] [pid 30112:tid 1788] [client ::1:61233] PHP Parse error:  syntax error, unexpected '->' (T_OBJECT_OPERATOR) in C:\\xampp\\htdocs\\GroceryDelivery\\listItem.php on line 21
[Thu Nov 12 21:42:55.564451 2020] [php7:notice] [pid 30112:tid 1784] [client ::1:61240] PHP Notice:  Undefined variable: mysqli in C:\\xampp\\htdocs\\GroceryDelivery\\listItem.php on line 21
[Thu Nov 12 21:42:55.564451 2020] [php7:error] [pid 30112:tid 1784] [client ::1:61240] PHP Fatal error:  Uncaught Error: Call to a member function query() on null in C:\\xampp\\htdocs\\GroceryDelivery\\listItem.php:21\nStack trace:\n#0 {main}\n  thrown in C:\\xampp\\htdocs\\GroceryDelivery\\listItem.php on line 21
[Thu Nov 12 21:43:11.532394 2020] [php7:warn] [pid 30112:tid 1788] [client ::1:61242] PHP Warning:  mysqli::query() expects parameter 1 to be string, object given in C:\\xampp\\htdocs\\GroceryDelivery\\listItem.php on line 21
[Thu Nov 12 21:43:11.532394 2020] [php7:warn] [pid 30112:tid 1788] [client ::1:61242] PHP Warning:  mysqli_num_rows() expects parameter 1 to be mysqli_result, null given in C:\\xampp\\htdocs\\GroceryDelivery\\listItem.php on line 22
[Thu Nov 12 21:59:44.069956 2020] [php7:error] [pid 30112:tid 1788] [client ::1:61423] PHP Parse error:  syntax error, unexpected '<', expecting end of file in C:\\xampp\\htdocs\\GroceryDelivery\\search.php on line 38, referer: http://localhost/GroceryDelivery/listItem.php
[Sun Nov 15 00:13:27.105713 2020] [ssl:warn] [pid 16416:tid 576] AH01909: www.example.com:443:0 server certificate does NOT include an ID which matches the server name
[Sun Nov 15 00:13:27.151722 2020] [core:warn] [pid 16416:tid 576] AH00098: pid file C:/xampp/apache/logs/httpd.pid overwritten -- Unclean shutdown of previous Apache run?
[Sun Nov 15 00:13:27.156723 2020] [ssl:warn] [pid 16416:tid 576] AH01909: www.example.com:443:0 server certificate does NOT include an ID which matches the server name
[Sun Nov 15 00:13:27.413781 2020] [mpm_winnt:notice] [pid 16416:tid 576] AH00455: Apache/2.4.46 (Win64) OpenSSL/1.1.1g PHP/7.4.11 configured -- resuming normal operations
[Sun Nov 15 00:13:27.413781 2020] [mpm_winnt:notice] [pid 16416:tid 576] AH00456: Apache Lounge VC15 Server built: Aug  4 2020 11:50:23
[Sun Nov 15 00:13:27.413781 2020] [core:notice] [pid 16416:tid 576] AH00094: Command line: 'c:\\xampp\\apache\\bin\\httpd.exe -d C:/xampp/apache'
[Sun Nov 15 00:13:27.416782 2020] [mpm_winnt:notice] [pid 16416:tid 576] AH00418: Parent: Created child process 15060
[Sun Nov 15 00:13:27.708847 2020] [ssl:warn] [pid 15060:tid 576] AH01909: www.example.com:443:0 server certificate does NOT include an ID which matches the server name
[Sun Nov 15 00:13:27.753858 2020] [ssl:warn] [pid 15060:tid 576] AH01909: www.example.com:443:0 server certificate does NOT include an ID which matches the server name
[Sun Nov 15 00:13:27.778863 2020] [mpm_winnt:notice] [pid 15060:tid 576] AH00354: Child: Starting 150 worker threads.
[Sun Nov 15 00:13:34.107559 2020] [php7:error] [pid 15060:tid 1824] [client ::1:50451] script 'C:/xampp/htdocs/GroceryDelivery/createItemServer_6gmatjtqmm.php' not found or unable to stat
[Sun Nov 15 00:13:37.177876 2020] [php7:error] [pid 15060:tid 1824] [client ::1:50451] script 'C:/xampp/htdocs/GroceryDelivery/createItemServer_6goorjtqmp.php' not found or unable to stat
[Sun Nov 15 00:14:12.277840 2020] [php7:error] [pid 15060:tid 1824] [client ::1:50461] script 'C:/xampp/htdocs/GroceryDelivery/createItemServer_6hfqajtqno.php' not found or unable to stat
[Sun Nov 15 00:14:14.165661 2020] [php7:error] [pid 15060:tid 1824] [client ::1:50461] script 'C:/xampp/htdocs/GroceryDelivery/createItemServer_6hh83jtqnq.php' not found or unable to stat
[Sun Nov 15 00:14:14.928429 2020] [php7:error] [pid 15060:tid 1824] [client ::1:50461] script 'C:/xampp/htdocs/GroceryDelivery/createItemServer_6hhsxjtqnq.php' not found or unable to stat
[Sun Nov 15 00:14:15.530563 2020] [php7:error] [pid 15060:tid 1824] [client ::1:50461] script 'C:/xampp/htdocs/GroceryDelivery/createItemServer_6hi9vjtqnr.php' not found or unable to stat
[Sun Nov 15 00:14:56.646169 2020] [php7:error] [pid 15060:tid 1824] [client ::1:50470] script 'C:/xampp/htdocs/GroceryDelivery/htdocs/GroceryDelivery/createItemServer_6idyhjtqow.php' not found or unable to stat
[Sun Nov 15 00:14:57.426345 2020] [php7:error] [pid 15060:tid 1824] [client ::1:50470] script 'C:/xampp/htdocs/GroceryDelivery/htdocs/GroceryDelivery/createItemServer_6ielhjtqox.php' not found or unable to stat
[Sun Nov 15 00:15:31.874790 2020] [php7:error] [pid 15060:tid 1824] [client ::1:50473] script 'C:/xampp/htdocs/GroceryDelivery/htdocs/GroceryDelivery/createItemServer_6j54cjtqpv.php' not found or unable to stat
[Sun Nov 15 00:15:32.661967 2020] [php7:error] [pid 15060:tid 1824] [client ::1:50473] script 'C:/xampp/htdocs/GroceryDelivery/htdocs/GroceryDelivery/createItemServer_6j5rsjtqpw.php' not found or unable to stat
[Sun Nov 15 00:15:33.462147 2020] [php7:error] [pid 15060:tid 1824] [client ::1:50473] script 'C:/xampp/htdocs/GroceryDelivery/htdocs/GroceryDelivery/createItemServer_6j6ecjtqpx.php' not found or unable to stat
