InnoDB: using atomic writes.
2020-11-11 21:57:25 0 [Note] InnoDB: Mutexes and rw_locks use Windows interlocked functions
2020-11-11 21:57:25 0 [Note] InnoDB: Uses event mutexes
2020-11-11 21:57:25 0 [Note] InnoDB: Compressed tables use zlib 1.2.11
2020-11-11 21:57:25 0 [Note] InnoDB: Number of pools: 1
2020-11-11 21:57:25 0 [Note] InnoDB: Using SSE2 crc32 instructions
2020-11-11 21:57:25 0 [Note] InnoDB: Initializing buffer pool, total size = 16M, instances = 1, chunk size = 16M
2020-11-11 21:57:25 0 [Note] InnoDB: Completed initialization of buffer pool
2020-11-11 21:57:25 0 [Note] InnoDB: Starting crash recovery from checkpoint LSN=300288
2020-11-11 21:57:25 0 [Note] InnoDB: 128 out of 128 rollback segments are active.
2020-11-11 21:57:25 0 [Note] InnoDB: Removed temporary tablespace data file: "ibtmp1"
2020-11-11 21:57:25 0 [Note] InnoDB: Creating shared tablespace for temporary tables
2020-11-11 21:57:25 0 [Note] InnoDB: Setting file 'C:\xampp\mysql\data\ibtmp1' size to 12 MB. Physically writing the file full; Please wait ...
2020-11-11 21:57:25 0 [Note] InnoDB: File 'C:\xampp\mysql\data\ibtmp1' size is now 12 MB.
2020-11-11 21:57:25 0 [Note] InnoDB: Waiting for purge to start
2020-11-11 21:57:25 0 [Note] InnoDB: 10.4.14 started; log sequence number 300297; transaction id 171
2020-11-11 21:57:25 0 [Note] InnoDB: Loading buffer pool(s) from C:\xampp\mysql\data\ib_buffer_pool
2020-11-11 21:57:25 0 [Note] Plugin 'FEEDBACK' is disabled.
2020-11-11 21:57:25 0 [Note] InnoDB: Buffer pool(s) load completed at 201111 21:57:25
2020-11-11 21:57:25 0 [Note] Server socket created on IP: '::'.
InnoDB: using atomic writes.
2020-11-12 20:00:59 0 [Note] InnoDB: Mutexes and rw_locks use Windows interlocked functions
2020-11-12 20:00:59 0 [Note] InnoDB: Uses event mutexes
2020-11-12 20:00:59 0 [Note] InnoDB: Compressed tables use zlib 1.2.11
2020-11-12 20:00:59 0 [Note] InnoDB: Number of pools: 1
2020-11-12 20:00:59 0 [Note] InnoDB: Using SSE2 crc32 instructions
2020-11-12 20:00:59 0 [Note] InnoDB: Initializing buffer pool, total size = 16M, instances = 1, chunk size = 16M
2020-11-12 20:00:59 0 [Note] InnoDB: Completed initialization of buffer pool
2020-11-12 20:00:59 0 [Note] InnoDB: Starting crash recovery from checkpoint LSN=1091122
2020-11-12 20:00:59 0 [Note] InnoDB: 128 out of 128 rollback segments are active.
2020-11-12 20:00:59 0 [Note] InnoDB: Removed temporary tablespace data file: "ibtmp1"
2020-11-12 20:00:59 0 [Note] InnoDB: Creating shared tablespace for temporary tables
2020-11-12 20:00:59 0 [Note] InnoDB: Setting file 'C:\xampp\mysql\data\ibtmp1' size to 12 MB. Physically writing the file full; Please wait ...
2020-11-12 20:00:59 0 [Note] InnoDB: File 'C:\xampp\mysql\data\ibtmp1' size is now 12 MB.
2020-11-12 20:00:59 0 [Note] InnoDB: Waiting for purge to start
2020-11-12 20:00:59 0 [Note] InnoDB: 10.4.14 started; log sequence number 1091131; transaction id 707
2020-11-12 20:00:59 0 [Note] InnoDB: Loading buffer pool(s) from C:\xampp\mysql\data\ib_buffer_pool
2020-11-12 20:00:59 0 [Note] Plugin 'FEEDBACK' is disabled.
2020-11-12 20:00:59 0 [Note] InnoDB: Buffer pool(s) load completed at 201112 20:00:59
2020-11-12 20:00:59 0 [Note] Server socket created on IP: '::'.
InnoDB: using atomic writes.
2020-11-15  0:13:26 0 [Note] InnoDB: Mutexes and rw_locks use Windows interlocked functions
2020-11-15  0:13:26 0 [Note] InnoDB: Uses event mutexes
2020-11-15  0:13:26 0 [Note] InnoDB: Compressed tables use zlib 1.2.11
2020-11-15  0:13:26 0 [Note] InnoDB: Number of pools: 1
2020-11-15  0:13:26 0 [Note] InnoDB: Using SSE2 crc32 instructions
2020-11-15  0:13:26 0 [Note] InnoDB: Initializing buffer pool, total size = 16M, instances = 1, chunk size = 16M
2020-11-15  0:13:26 0 [Note] InnoDB: Completed initialization of buffer pool
2020-11-15  0:13:26 0 [Note] InnoDB: Starting crash recovery from checkpoint LSN=1098664
2020-11-15  0:13:26 0 [Note] InnoDB: 128 out of 128 rollback segments are active.
2020-11-15  0:13:26 0 [Note] InnoDB: Removed temporary tablespace data file: "ibtmp1"
2020-11-15  0:13:26 0 [Note] InnoDB: Creating shared tablespace for temporary tables
2020-11-15  0:13:26 0 [Note] InnoDB: Setting file 'C:\xampp\mysql\data\ibtmp1' size to 12 MB. Physically writing the file full; Please wait ...
2020-11-15  0:13:26 0 [Note] InnoDB: File 'C:\xampp\mysql\data\ibtmp1' size is now 12 MB.
2020-11-15  0:13:26 0 [Note] InnoDB: Waiting for purge to start
2020-11-15  0:13:26 0 [Note] InnoDB: 10.4.14 started; log sequence number 1098673; transaction id 748
2020-11-15  0:13:26 0 [Note] InnoDB: Loading buffer pool(s) from C:\xampp\mysql\data\ib_buffer_pool
2020-11-15  0:13:26 0 [Note] Plugin 'FEEDBACK' is disabled.
2020-11-15  0:13:26 0 [Note] InnoDB: Buffer pool(s) load completed at 201115  0:13:26
2020-11-15  0:13:26 0 [Note] Server socket created on IP: '::'.
InnoDB: using atomic writes.
2020-11-24 20:22:16 0 [Note] InnoDB: Mutexes and rw_locks use Windows interlocked functions
2020-11-24 20:22:16 0 [Note] InnoDB: Uses event mutexes
2020-11-24 20:22:16 0 [Note] InnoDB: Compressed tables use zlib 1.2.11
2020-11-24 20:22:16 0 [Note] InnoDB: Number of pools: 1
2020-11-24 20:22:16 0 [Note] InnoDB: Using SSE2 crc32 instructions
2020-11-24 20:22:16 0 [Note] InnoDB: Initializing buffer pool, total size = 16M, instances = 1, chunk size = 16M
2020-11-24 20:22:16 0 [Note] InnoDB: Completed initialization of buffer pool
2020-11-24 20:22:16 0 [Note] InnoDB: Starting crash recovery from checkpoint LSN=1098682
2020-11-24 20:22:16 0 [Note] InnoDB: 128 out of 128 rollback segments are active.
2020-11-24 20:22:16 0 [Note] InnoDB: Removed temporary tablespace data file: "ibtmp1"
2020-11-24 20:22:16 0 [Note] InnoDB: Creating shared tablespace for temporary tables
2020-11-24 20:22:16 0 [Note] InnoDB: Setting file 'C:\xampp\mysql\data\ibtmp1' size to 12 MB. Physically writing the file full; Please wait ...
2020-11-24 20:22:16 0 [Note] InnoDB: File 'C:\xampp\mysql\data\ibtmp1' size is now 12 MB.
2020-11-24 20:22:16 0 [Note] InnoDB: Waiting for purge to start
2020-11-24 20:22:16 0 [Note] InnoDB: 10.4.14 started; log sequence number 1098691; transaction id 748
2020-11-24 20:22:16 0 [Note] InnoDB: Loading buffer pool(s) from C:\xampp\mysql\data\ib_buffer_pool
2020-11-24 20:22:16 0 [Note] Plugin 'FEEDBACK' is disabled.
2020-11-24 20:22:16 0 [Note] InnoDB: Buffer pool(s) load completed at 201124 20:22:16
2020-11-24 20:22:16 0 [Note] Server socket created on IP: '::'.
InnoDB: using atomic writes.
2020-11-30 17:49:17 0 [Note] InnoDB: Mutexes and rw_locks use Windows interlocked functions
2020-11-30 17:49:17 0 [Note] InnoDB: Uses event mutexes
2020-11-30 17:49:17 0 [Note] InnoDB: Compressed tables use zlib 1.2.11
2020-11-30 17:49:17 0 [Note] InnoDB: Number of pools: 1
2020-11-30 17:49:17 0 [Note] InnoDB: Using SSE2 crc32 instructions
2020-11-30 17:49:17 0 [Note] InnoDB: Initializing buffer pool, total size = 16M, instances = 1, chunk size = 16M
2020-11-30 17:49:17 0 [Note] InnoDB: Completed initialization of buffer pool
2020-11-30 17:49:17 0 [Note] InnoDB: Starting crash recovery from checkpoint LSN=1210995
2020-11-30 17:49:17 0 [Note] InnoDB: 128 out of 128 rollback segments are active.
2020-11-30 17:49:17 0 [Note] InnoDB: Removed temporary tablespace data file: "ibtmp1"
2020-11-30 17:49:17 0 [Note] InnoDB: Creating shared tablespace for temporary tables
2020-11-30 17:49:17 0 [Note] InnoDB: Setting file 'C:\xampp\mysql\data\ibtmp1' size to 12 MB. Physically writing the file full; Please wait ...
2020-11-30 17:49:17 0 [Note] InnoDB: File 'C:\xampp\mysql\data\ibtmp1' size is now 12 MB.
2020-11-30 17:49:17 0 [Note] InnoDB: Waiting for purge to start
2020-11-30 17:49:17 0 [Note] InnoDB: 10.4.14 started; log sequence number 1211004; transaction id 978
2020-11-30 17:49:17 0 [Note] InnoDB: Loading buffer pool(s) from C:\xampp\mysql\data\ib_buffer_pool
2020-11-30 17:49:17 0 [Note] Plugin 'FEEDBACK' is disabled.
2020-11-30 17:49:17 0 [Note] InnoDB: Buffer pool(s) load completed at 201130 17:49:17
2020-11-30 17:49:18 0 [Note] Server socket created on IP: '::'.
InnoDB: using atomic writes.
2020-11-30 18:19:43 0 [Note] InnoDB: Mutexes and rw_locks use Windows interlocked functions
2020-11-30 18:19:43 0 [Note] InnoDB: Uses event mutexes
2020-11-30 18:19:43 0 [Note] InnoDB: Compressed tables use zlib 1.2.11
2020-11-30 18:19:43 0 [Note] InnoDB: Number of pools: 1
2020-11-30 18:19:43 0 [Note] InnoDB: Using SSE2 crc32 instructions
2020-11-30 18:19:43 0 [Note] InnoDB: Initializing buffer pool, total size = 16M, instances = 1, chunk size = 16M
2020-11-30 18:19:43 0 [Note] InnoDB: Completed initialization of buffer pool
2020-11-30 18:19:43 0 [Note] InnoDB: Starting crash recovery from checkpoint LSN=1288030
2020-11-30 18:19:44 0 [Note] InnoDB: 128 out of 128 rollback segments are active.
2020-11-30 18:19:44 0 [Note] InnoDB: Removed temporary tablespace data file: "ibtmp1"
2020-11-30 18:19:44 0 [Note] InnoDB: Creating shared tablespace for temporary tables
2020-11-30 18:19:44 0 [Note] InnoDB: Setting file 'C:\xampp\mysql\data\ibtmp1' size to 12 MB. Physically writing the file full; Please wait ...
2020-11-30 18:19:44 0 [Note] InnoDB: File 'C:\xampp\mysql\data\ibtmp1' size is now 12 MB.
2020-11-30 18:19:44 0 [Note] InnoDB: Waiting for purge to start
2020-11-30 18:19:44 0 [Note] InnoDB: 10.4.14 started; log sequence number 1288039; transaction id 1150
2020-11-30 18:19:44 0 [Note] InnoDB: Loading buffer pool(s) from C:\xampp\mysql\data\ib_buffer_pool
2020-11-30 18:19:44 0 [Note] Plugin 'FEEDBACK' is disabled.
2020-11-30 18:19:44 0 [Note] Server socket created on IP: '::'.
2020-11-30 18:19:44 0 [Note] InnoDB: Buffer pool(s) load completed at 201130 18:19:44
InnoDB: using atomic writes.
2020-11-30 18:21:27 0 [Note] InnoDB: Mutexes and rw_locks use Windows interlocked functions
2020-11-30 18:21:27 0 [Note] InnoDB: Uses event mutexes
2020-11-30 18:21:27 0 [Note] InnoDB: Compressed tables use zlib 1.2.11
2020-11-30 18:21:27 0 [Note] InnoDB: Number of pools: 1
2020-11-30 18:21:27 0 [Note] InnoDB: Using SSE2 crc32 instructions
2020-11-30 18:21:27 0 [Note] InnoDB: Initializing buffer pool, total size = 16M, instances = 1, chunk size = 16M
2020-11-30 18:21:27 0 [Note] InnoDB: Completed initialization of buffer pool
2020-11-30 18:21:27 0 [Note] InnoDB: Starting crash recovery from checkpoint LSN=1288048
2020-11-30 18:21:28 0 [Note] InnoDB: 128 out of 128 rollback segments are active.
2020-11-30 18:21:28 0 [Note] InnoDB: Removed temporary tablespace data file: "ibtmp1"
2020-11-30 18:21:28 0 [Note] InnoDB: Creating shared tablespace for temporary tables
2020-11-30 18:21:28 0 [Note] InnoDB: Setting file 'C:\xampp\mysql\data\ibtmp1' size to 12 MB. Physically writing the file full; Please wait ...
2020-11-30 18:21:28 0 [Note] InnoDB: File 'C:\xampp\mysql\data\ibtmp1' size is now 12 MB.
2020-11-30 18:21:28 0 [Note] InnoDB: Waiting for purge to start
2020-11-30 18:21:28 0 [Note] InnoDB: 10.4.14 started; log sequence number 1288057; transaction id 1150
2020-11-30 18:21:28 0 [Note] InnoDB: Loading buffer pool(s) from C:\xampp\mysql\data\ib_buffer_pool
2020-11-30 18:21:28 0 [Note] Plugin 'FEEDBACK' is disabled.
2020-11-30 18:21:28 0 [Note] Server socket created on IP: '::'.
2020-11-30 18:21:28 0 [Note] InnoDB: Buffer pool(s) load completed at 201130 18:21:28
InnoDB: using atomic writes.
2020-12-06 23:31:34 0 [Note] InnoDB: Mutexes and rw_locks use Windows interlocked functions
2020-12-06 23:31:34 0 [Note] InnoDB: Uses event mutexes
2020-12-06 23:31:34 0 [Note] InnoDB: Compressed tables use zlib 1.2.11
2020-12-06 23:31:34 0 [Note] InnoDB: Number of pools: 1
2020-12-06 23:31:34 0 [Note] InnoDB: Using SSE2 crc32 instructions
2020-12-06 23:31:34 0 [Note] InnoDB: Initializing buffer pool, total size = 16M, instances = 1, chunk size = 16M
2020-12-06 23:31:34 0 [Note] InnoDB: Completed initialization of buffer pool
2020-12-06 23:31:34 0 [Note] InnoDB: Starting crash recovery from checkpoint LSN=1293806
2020-12-06 23:31:35 0 [Note] InnoDB: 128 out of 128 rollback segments are active.
2020-12-06 23:31:35 0 [Note] InnoDB: Removed temporary tablespace data file: "ibtmp1"
2020-12-06 23:31:35 0 [Note] InnoDB: Creating shared tablespace for temporary tables
2020-12-06 23:31:35 0 [Note] InnoDB: Setting file 'C:\xampp\mysql\data\ibtmp1' size to 12 MB. Physically writing the file full; Please wait ...
2020-12-06 23:31:35 0 [Note] InnoDB: File 'C:\xampp\mysql\data\ibtmp1' size is now 12 MB.
2020-12-06 23:31:35 0 [Note] InnoDB: Waiting for purge to start
2020-12-06 23:31:35 0 [Note] InnoDB: 10.4.14 started; log sequence number 1293815; transaction id 1186
2020-12-06 23:31:35 0 [Note] InnoDB: Loading buffer pool(s) from C:\xampp\mysql\data\ib_buffer_pool
2020-12-06 23:31:35 0 [Note] Plugin 'FEEDBACK' is disabled.
2020-12-06 23:31:35 0 [Note] InnoDB: Buffer pool(s) load completed at 201206 23:31:35
2020-12-06 23:31:35 0 [Note] Server socket created on IP: '::'.
