[Wed Nov 11 21:54:16.990088 2020] [ssl:warn] [pid 31932:tid 556] AH01909: www.example.com:443:0 server certificate does NOT include an ID which matches the server name
[Wed Nov 11 21:54:17.042099 2020] [ssl:warn] [pid 31932:tid 556] AH01909: www.example.com:443:0 server certificate does NOT include an ID which matches the server name
[Wed Nov 11 21:54:17.142121 2020] [mpm_winnt:notice] [pid 31932:tid 556] AH00455: Apache/2.4.46 (Win64) OpenSSL/1.1.1g PHP/7.4.11 configured -- resuming normal operations
[Wed Nov 11 21:54:17.142121 2020] [mpm_winnt:notice] [pid 31932:tid 556] AH00456: Apache Lounge VC15 Server built: Aug  4 2020 11:50:23
[Wed Nov 11 21:54:17.142121 2020] [core:notice] [pid 31932:tid 556] AH00094: Command line: 'C:\\xampp\\apache\\bin\\httpd.exe -d C:/xampp/apache'
[Wed Nov 11 21:54:17.147122 2020] [mpm_winnt:notice] [pid 31932:tid 556] AH00418: Parent: Created child process 30932
[Wed Nov 11 21:54:17.601225 2020] [ssl:warn] [pid 30932:tid 472] AH01909: www.example.com:443:0 server certificate does NOT include an ID which matches the server name
[Wed Nov 11 21:54:17.646235 2020] [ssl:warn] [pid 30932:tid 472] AH01909: www.example.com:443:0 server certificate does NOT include an ID which matches the server name
[Wed Nov 11 21:54:17.673242 2020] [mpm_winnt:notice] [pid 30932:tid 472] AH00354: Child: Starting 150 worker threads.
[Wed Nov 11 21:57:22.211782 2020] [ssl:warn] [pid 4608:tid 588] AH01909: www.example.com:443:0 server certificate does NOT include an ID which matches the server name
[Wed Nov 11 21:57:22.263793 2020] [ssl:warn] [pid 4608:tid 588] AH01909: www.example.com:443:0 server certificate does NOT include an ID which matches the server name
[Wed Nov 11 21:57:22.288800 2020] [mpm_winnt:notice] [pid 4608:tid 588] AH00455: Apache/2.4.46 (Win64) OpenSSL/1.1.1g PHP/7.4.11 configured -- resuming normal operations
[Wed Nov 11 21:57:22.288800 2020] [mpm_winnt:notice] [pid 4608:tid 588] AH00456: Apache Lounge VC15 Server built: Aug  4 2020 11:50:23
[Wed Nov 11 21:57:22.288800 2020] [core:notice] [pid 4608:tid 588] AH00094: Command line: 'c:\\xampp\\apache\\bin\\httpd.exe -d C:/xampp/apache'
[Wed Nov 11 21:57:22.293800 2020] [mpm_winnt:notice] [pid 4608:tid 588] AH00418: Parent: Created child process 1816
[Wed Nov 11 21:57:22.726898 2020] [ssl:warn] [pid 1816:tid 604] AH01909: www.example.com:443:0 server certificate does NOT include an ID which matches the server name
[Wed Nov 11 21:57:22.770908 2020] [ssl:warn] [pid 1816:tid 604] AH01909: www.example.com:443:0 server certificate does NOT include an ID which matches the server name
[Wed Nov 11 21:57:22.794913 2020] [mpm_winnt:notice] [pid 1816:tid 604] AH00354: Child: Starting 150 worker threads.
[Thu Nov 12 00:27:32.373269 2020] [php7:error] [pid 1816:tid 1832] [client ::1:53066] PHP Parse error:  syntax error, unexpected '$db' (T_VARIABLE) in C:\\xampp\\htdocs\\GroceryDelivery\\server.php on line 7
[Thu Nov 12 00:27:46.899082 2020] [php7:error] [pid 1816:tid 1816] [client ::1:53067] PHP Parse error:  syntax error, unexpected '$db' (T_VARIABLE) in C:\\xampp\\htdocs\\GroceryDelivery\\server.php on line 7
[Thu Nov 12 00:27:49.406647 2020] [php7:error] [pid 1816:tid 1816] [client ::1:53067] PHP Parse error:  syntax error, unexpected '$db' (T_VARIABLE) in C:\\xampp\\htdocs\\GroceryDelivery\\server.php on line 7
[Thu Nov 12 00:27:50.164831 2020] [php7:error] [pid 1816:tid 1816] [client ::1:53067] PHP Parse error:  syntax error, unexpected '$db' (T_VARIABLE) in C:\\xampp\\htdocs\\GroceryDelivery\\server.php on line 7
[Thu Nov 12 00:28:57.443909 2020] [php7:error] [pid 1816:tid 1832] [client ::1:53077] PHP Parse error:  syntax error, unexpected '$db' (T_VARIABLE) in C:\\xampp\\htdocs\\GroceryDelivery\\server.php on line 7
[Thu Nov 12 00:28:58.185075 2020] [php7:error] [pid 1816:tid 1832] [client ::1:53077] PHP Parse error:  syntax error, unexpected '$db' (T_VARIABLE) in C:\\xampp\\htdocs\\GroceryDelivery\\server.php on line 7
[Thu Nov 12 00:29:17.100291 2020] [php7:error] [pid 1816:tid 1816] [client ::1:53078] PHP Parse error:  syntax error, unexpected '$db' (T_VARIABLE) in C:\\xampp\\htdocs\\GroceryDelivery\\server.php on line 6
[Thu Nov 12 00:29:26.673234 2020] [php7:warn] [pid 1816:tid 1832] [client ::1:53081] PHP Warning:  mysqli_connect(): (HY000/1045): Access denied for user 'New'@'localhost' (using password: NO) in C:\\xampp\\htdocs\\GroceryDelivery\\server.php on line 6
[Thu Nov 12 00:30:41.238477 2020] [php7:error] [pid 1816:tid 1816] [client ::1:53091] PHP Fatal error:  Uncaught Error: Call to undefined function mysql_real_escape_string() in C:\\xampp\\htdocs\\GroceryDelivery\\server.php:8\nStack trace:\n#0 C:\\xampp\\htdocs\\GroceryDelivery\\createItem.php(1): include()\n#1 {main}\n  thrown in C:\\xampp\\htdocs\\GroceryDelivery\\server.php on line 8, referer: http://localhost/GroceryDelivery/createItem.php
[Thu Nov 12 00:33:51.353813 2020] [php7:error] [pid 1816:tid 1832] [client ::1:53119] PHP Fatal error:  Uncaught Error: Call to undefined function mysql_real_escape_string() in C:\\xampp\\htdocs\\GroceryDelivery\\server.php:8\nStack trace:\n#0 C:\\xampp\\htdocs\\GroceryDelivery\\createItem.php(1): include()\n#1 {main}\n  thrown in C:\\xampp\\htdocs\\GroceryDelivery\\server.php on line 8, referer: http://localhost/GroceryDelivery/createItem.php
[Thu Nov 12 00:34:11.068310 2020] [php7:error] [pid 1816:tid 1832] [client ::1:53125] PHP Fatal error:  Uncaught Error: Call to undefined function mysql_real_escape_string() in C:\\xampp\\htdocs\\GroceryDelivery\\server.php:8\nStack trace:\n#0 C:\\xampp\\htdocs\\GroceryDelivery\\createItem.php(1): include()\n#1 {main}\n  thrown in C:\\xampp\\htdocs\\GroceryDelivery\\server.php on line 8, referer: http://localhost/GroceryDelivery/createItem.php
[Thu Nov 12 00:35:31.105858 2020] [php7:warn] [pid 1816:tid 1816] [client ::1:53202] PHP Warning:  mysqli_real_escape_string() expects exactly 2 parameters, 1 given in C:\\xampp\\htdocs\\GroceryDelivery\\server.php on line 8, referer: http://localhost/GroceryDelivery/createItem.php
[Thu Nov 12 00:35:31.105858 2020] [php7:warn] [pid 1816:tid 1816] [client ::1:53202] PHP Warning:  mysqli_real_escape_string() expects exactly 2 parameters, 1 given in C:\\xampp\\htdocs\\GroceryDelivery\\server.php on line 9, referer: http://localhost/GroceryDelivery/createItem.php
[Thu Nov 12 00:35:31.105858 2020] [php7:warn] [pid 1816:tid 1816] [client ::1:53202] PHP Warning:  mysqli_real_escape_string() expects exactly 2 parameters, 1 given in C:\\xampp\\htdocs\\GroceryDelivery\\server.php on line 10, referer: http://localhost/GroceryDelivery/createItem.php
[Thu Nov 12 01:09:49.632558 2020] [php7:error] [pid 1816:tid 1808] [client ::1:53638] script 'C:/xampp/htdocs/listItem.php' not found or unable to stat
[Thu Nov 12 01:10:15.431044 2020] [php7:notice] [pid 1816:tid 1824] [client ::1:53639] PHP Notice:  Undefined variable: mysqli in C:\\xampp\\htdocs\\GroceryDelivery\\listItem.php on line 17
[Thu Nov 12 01:10:15.431044 2020] [php7:error] [pid 1816:tid 1824] [client ::1:53639] PHP Fatal error:  Uncaught Error: Call to a member function query() on null in C:\\xampp\\htdocs\\GroceryDelivery\\listItem.php:17\nStack trace:\n#0 {main}\n  thrown in C:\\xampp\\htdocs\\GroceryDelivery\\listItem.php on line 17
[Thu Nov 12 01:11:50.220766 2020] [php7:notice] [pid 1816:tid 1808] [client ::1:53650] PHP Notice:  Undefined variable: mysqli in C:\\xampp\\htdocs\\GroceryDelivery\\listItem.php on line 18
[Thu Nov 12 01:11:50.220766 2020] [php7:error] [pid 1816:tid 1808] [client ::1:53650] PHP Fatal error:  Uncaught Error: Call to a member function query() on null in C:\\xampp\\htdocs\\GroceryDelivery\\listItem.php:18\nStack trace:\n#0 {main}\n  thrown in C:\\xampp\\htdocs\\GroceryDelivery\\listItem.php on line 18
